<?xml version="1.0" encoding="UTF-8"?>
<!-- Generated by org.testng.reporters.JUnitReportReporter -->
<testsuite hostname="QT-INBG-LT1615" failures="0" tests="5" name="Signin" time="6.497" errors="0" timestamp="2022-09-19T12:37:52 IST" skipped="0">
  <testcase classname="Signin" name="launchBrowser" time="2.020"/>
  <system-out/>
  <testcase classname="Signin" name="signIn" time="1.161"/>
  <system-out/>
  <testcase classname="Signin" name="userName" time="1.068"/>
  <system-out/>
  <testcase classname="Signin" name="enterPassword" time="1.087"/>
  <system-out/>
  <testcase classname="Signin" name="login" time="1.161"/>
  <system-out/>
</testsuite> <!-- Signin -->
