<?xml version="1.0" encoding="UTF-8"?>
<!-- Generated by org.testng.reporters.JUnitReportReporter -->
<testsuite hostname="QT-INBG-LT1615" failures="0" tests="9" name="AllMobiles" time="12.349" errors="0" timestamp="2022-09-19T09:19:58 IST" skipped="0">
  <testcase classname="AllMobiles" name="launchBrowser" time="2.333"/>
  <system-out/>
  <testcase classname="AllMobiles" name="allMobiles" time="0.476"/>
  <system-out/>
  <testcase classname="AllMobiles" name="searchLenovo" time="1.210"/>
  <system-out/>
  <testcase classname="AllMobiles" name="searchSamsung" time="1.165"/>
  <system-out/>
  <testcase classname="AllMobiles" name="wrongApple" time="1.150"/>
  <system-out/>
  <testcase classname="AllMobiles" name="wrongSamsung" time="1.111"/>
  <system-out/>
  <testcase classname="AllMobiles" name="twoCharacter" time="1.159"/>
  <system-out/>
  <testcase classname="AllMobiles" name="InvalidMob" time="1.123"/>
  <system-out/>
  <testcase classname="AllMobiles" name="order" time="2.622"/>
  <system-out/>
</testsuite> <!-- AllMobiles -->
