<?xml version="1.0" encoding="UTF-8"?>
<!-- Generated by org.testng.reporters.JUnitReportReporter -->
<testsuite hostname="QT-INBG-LT1615" failures="0" tests="11" name="Signup" time="16.669" errors="0" timestamp="2022-09-19T12:15:44 IST" skipped="0">
  <testcase classname="Signup" name="launchBrowser" time="2.999"/>
  <system-out/>
  <testcase classname="Signup" name="clickOnSignUp" time="2.514"/>
  <system-out/>
  <testcase classname="Signup" name="enterFirstName" time="1.105"/>
  <system-out/>
  <testcase classname="Signup" name="enterLastName" time="1.062"/>
  <system-out/>
  <testcase classname="Signup" name="enterMail" time="1.068"/>
  <system-out/>
  <testcase classname="Signup" name="enterPassword" time="1.098"/>
  <system-out/>
  <testcase classname="Signup" name="enterDOB" time="1.104"/>
  <system-out/>
  <testcase classname="Signup" name="selectGender" time="1.087"/>
  <system-out/>
  <testcase classname="Signup" name="enterPhoneNumber" time="1.090"/>
  <system-out/>
  <testcase classname="Signup" name="clickOnRegister" time="1.190"/>
  <system-out/>
  <testcase classname="Signup" name="clickOnSignIn" time="2.352"/>
  <system-out/>
</testsuite> <!-- Signup -->
